app/build/intermediates/manifest_merge_blame_file/debug/processDebugMainManifest/manifest-merger-blame-debug-report.txt
1<?xml version="1.0" encoding="utf-8"?>
2<manifest xmlns:android="http://schemas.android.com/apk/res/android"
3    package="com.example.play_buddy_v2"
4    android:versionCode="1"
5    android:versionName="1.0" >
6
7    <uses-sdk
8        android:minSdkVersion="30"
9        android:targetSdkVersion="35" />
10
11    <uses-permission android:name="android.permission.ACCESS_FINE_LOCATION" />
11-->src\main\AndroidManifest.xml:5:5-79
11-->src\main\AndroidManifest.xml:5:22-76
12    <uses-permission android:name="android.permission.ACCESS_COARSE_LOCATION" />
12-->src\main\AndroidManifest.xml:6:5-81
12-->src\main\AndroidManifest.xml:6:22-78
13    <uses-permission android:name="android.permission.INTERNET" />
13-->src\main\AndroidManifest.xml:7:5-67
13-->src\main\AndroidManifest.xml:7:22-64
14    <uses-permission android:name="android.permission.ACCESS_WIFI_STATE" />
14-->[com.google.android.libraries.places:places:3.3.0] AndroidManifest.xml:11:5-76
14-->[com.google.android.libraries.places:places:3.3.0] AndroidManifest.xml:11:22-73
15    <uses-permission android:name="android.permission.ACCESS_NETWORK_STATE" />
15-->[com.google.firebase:firebase-auth:23.2.0] AndroidManifest.xml:26:5-79
15-->[com.google.firebase:firebase-auth:23.2.0] AndroidManifest.xml:26:22-76
16    <uses-permission android:name="android.permission.USE_BIOMETRIC" /> <!-- suppress DeprecatedClassUsageInspection -->
16-->[androidx.biometric:biometric:1.1.0] AndroidManifest.xml:24:5-72
16-->[androidx.biometric:biometric:1.1.0] AndroidManifest.xml:24:22-69
17    <uses-permission android:name="android.permission.USE_FINGERPRINT" />
17-->[androidx.biometric:biometric:1.1.0] AndroidManifest.xml:27:5-74
17-->[androidx.biometric:biometric:1.1.0] AndroidManifest.xml:27:22-71
18
19    <uses-feature
19-->[com.google.android.gms:play-services-maps:18.2.0] AndroidManifest.xml:26:5-28:35
20        android:glEsVersion="0x00020000"
20-->[com.google.android.gms:play-services-maps:18.2.0] AndroidManifest.xml:27:9-41
21        android:required="true" />
21-->[com.google.android.gms:play-services-maps:18.2.0] AndroidManifest.xml:28:9-32
22
23    <queries>
23-->[com.google.android.gms:play-services-maps:18.2.0] AndroidManifest.xml:30:5-34:15
24
25        <!-- Needs to be explicitly declared on Android R+ -->
26        <package android:name="com.google.android.apps.maps" />
26-->[com.google.android.gms:play-services-maps:18.2.0] AndroidManifest.xml:33:9-64
26-->[com.google.android.gms:play-services-maps:18.2.0] AndroidManifest.xml:33:18-61
27    </queries>
28
29    <uses-permission android:name="com.google.android.providers.gsf.permission.READ_GSERVICES" />
29-->[com.google.android.recaptcha:recaptcha:18.6.1] AndroidManifest.xml:9:5-98
29-->[com.google.android.recaptcha:recaptcha:18.6.1] AndroidManifest.xml:9:22-95
30
31    <permission
31-->[androidx.core:core:1.15.0] AndroidManifest.xml:22:5-24:47
32        android:name="com.example.play_buddy_v2.DYNAMIC_RECEIVER_NOT_EXPORTED_PERMISSION"
32-->[androidx.core:core:1.15.0] AndroidManifest.xml:23:9-81
33        android:protectionLevel="signature" />
33-->[androidx.core:core:1.15.0] AndroidManifest.xml:24:9-44
34
35    <uses-permission android:name="com.example.play_buddy_v2.DYNAMIC_RECEIVER_NOT_EXPORTED_PERMISSION" />
35-->[androidx.core:core:1.15.0] AndroidManifest.xml:26:5-97
35-->[androidx.core:core:1.15.0] AndroidManifest.xml:26:22-94
36
37    <application
37-->src\main\AndroidManifest.xml:11:5-94:19
38        android:name="com.example.play_buddy_v2.MyApp"
38-->src\main\AndroidManifest.xml:12:9-30
39        android:allowBackup="true"
39-->src\main\AndroidManifest.xml:13:9-35
40        android:appComponentFactory="androidx.core.app.CoreComponentFactory"
40-->[androidx.core:core:1.15.0] AndroidManifest.xml:28:18-86
41        android:dataExtractionRules="@xml/data_extraction_rules"
41-->src\main\AndroidManifest.xml:14:9-65
42        android:debuggable="true"
43        android:extractNativeLibs="false"
44        android:fullBackupContent="@xml/backup_rules"
44-->src\main\AndroidManifest.xml:15:9-54
45        android:icon="@mipmap/ic_launcher"
45-->src\main\AndroidManifest.xml:16:9-43
46        android:label="@string/app_name"
46-->src\main\AndroidManifest.xml:17:9-41
47        android:roundIcon="@mipmap/ic_launcher_round"
47-->src\main\AndroidManifest.xml:18:9-54
48        android:supportsRtl="true"
48-->src\main\AndroidManifest.xml:19:9-35
49        android:testOnly="true"
50        android:theme="@style/Theme.Play_buddy_v2" >
50-->src\main\AndroidManifest.xml:20:9-51
51        <activity
51-->src\main\AndroidManifest.xml:22:9-28:20
52            android:name="com.example.play_buddy_v2.SplashActivity"
52-->src\main\AndroidManifest.xml:22:19-49
53            android:exported="true" >
53-->src\main\AndroidManifest.xml:23:13-36
54            <intent-filter>
54-->src\main\AndroidManifest.xml:24:13-27:29
55                <action android:name="android.intent.action.MAIN" />
55-->src\main\AndroidManifest.xml:25:17-69
55-->src\main\AndroidManifest.xml:25:25-66
56
57                <category android:name="android.intent.category.LAUNCHER" />
57-->src\main\AndroidManifest.xml:26:17-77
57-->src\main\AndroidManifest.xml:26:27-74
58            </intent-filter>
59        </activity>
60        <!-- Login activity -->
61        <activity
61-->src\main\AndroidManifest.xml:30:9-32:40
62            android:name="com.example.play_buddy_v2.LoginActivity"
62-->src\main\AndroidManifest.xml:31:13-42
63            android:exported="false" />
63-->src\main\AndroidManifest.xml:32:13-37
64
65        <!-- Signup activity -->
66        <activity
66-->src\main\AndroidManifest.xml:35:9-37:40
67            android:name="com.example.play_buddy_v2.SignupActivity"
67-->src\main\AndroidManifest.xml:36:13-43
68            android:exported="false" />
68-->src\main\AndroidManifest.xml:37:13-37
69
70        <!-- Signup details activity -->
71        <activity
71-->src\main\AndroidManifest.xml:40:9-42:40
72            android:name="com.example.play_buddy_v2.SignupDetailsActivity"
72-->src\main\AndroidManifest.xml:41:13-50
73            android:exported="false" />
73-->src\main\AndroidManifest.xml:42:13-37
74
75        <!-- Dashboard activity -->
76        <activity
76-->src\main\AndroidManifest.xml:45:9-47:40
77            android:name="com.example.play_buddy_v2.DashboardActivity"
77-->src\main\AndroidManifest.xml:46:13-46
78            android:exported="false" />
78-->src\main\AndroidManifest.xml:47:13-37
79        <activity
79-->src\main\AndroidManifest.xml:49:9-52:20
80            android:name="com.example.play_buddy_v2.CreateNewActivity"
80-->src\main\AndroidManifest.xml:50:13-46
81            android:exported="false" >
81-->src\main\AndroidManifest.xml:51:13-37
82        </activity>
83        <activity
83-->src\main\AndroidManifest.xml:54:9-57:20
84            android:name="com.example.play_buddy_v2.BookingActivity"
84-->src\main\AndroidManifest.xml:55:13-44
85            android:exported="false" >
85-->src\main\AndroidManifest.xml:56:13-37
86        </activity>
87        <activity
87-->src\main\AndroidManifest.xml:59:9-62:20
88            android:name="com.example.play_buddy_v2.PaymentActivity"
88-->src\main\AndroidManifest.xml:60:13-44
89            android:exported="false" >
89-->src\main\AndroidManifest.xml:61:13-37
90        </activity>
91        <activity
91-->src\main\AndroidManifest.xml:64:9-67:20
92            android:name="com.example.play_buddy_v2.BookingConfirmationActivity"
92-->src\main\AndroidManifest.xml:65:13-56
93            android:exported="false" >
93-->src\main\AndroidManifest.xml:66:13-37
94        </activity>
95        <activity
95-->src\main\AndroidManifest.xml:69:9-72:20
96            android:name="com.example.play_buddy_v2.FriendRequestsActivity"
96-->src\main\AndroidManifest.xml:70:13-51
97            android:exported="false" >
97-->src\main\AndroidManifest.xml:71:13-37
98        </activity>
99        <activity
99-->src\main\AndroidManifest.xml:74:9-77:20
100            android:name="com.example.play_buddy_v2.ProfileActivity"
100-->src\main\AndroidManifest.xml:75:13-44
101            android:exported="false" >
101-->src\main\AndroidManifest.xml:76:13-37
102        </activity>
103
104        <!-- Main activity (not used but kept as placeholder, exported false) -->
105        <activity
105-->src\main\AndroidManifest.xml:80:9-83:20
106            android:name="com.example.play_buddy_v2.MainActivity"
106-->src\main\AndroidManifest.xml:81:13-41
107            android:exported="false" >
107-->src\main\AndroidManifest.xml:82:13-37
108        </activity>
109
110        <meta-data
110-->src\main\AndroidManifest.xml:87:9-89:70
111            android:name="com.google.android.geo.API_KEY"
111-->src\main\AndroidManifest.xml:88:13-58
112            android:value="AIzaSyACWGmAkZ6gbFTI1_7UF6mc6Ga7jNidWCQ" />
112-->src\main\AndroidManifest.xml:89:13-68
113
114        <activity
114-->[com.google.android.libraries.places:places:3.3.0] AndroidManifest.xml:15:9-21:20
115            android:name="com.google.android.libraries.places.widget.AutocompleteActivity"
115-->[com.google.android.libraries.places:places:3.3.0] AndroidManifest.xml:16:13-91
116            android:exported="false"
116-->[com.google.android.libraries.places:places:3.3.0] AndroidManifest.xml:17:13-37
117            android:label="@string/places_autocomplete_label"
117-->[com.google.android.libraries.places:places:3.3.0] AndroidManifest.xml:18:13-62
118            android:theme="@style/PlacesAutocompleteOverlay"
118-->[com.google.android.libraries.places:places:3.3.0] AndroidManifest.xml:19:13-61
119            android:windowSoftInputMode="adjustResize" >
119-->[com.google.android.libraries.places:places:3.3.0] AndroidManifest.xml:20:13-55
120        </activity>
121        <activity
121-->[com.google.firebase:firebase-auth:23.2.0] AndroidManifest.xml:29:9-46:20
122            android:name="com.google.firebase.auth.internal.GenericIdpActivity"
122-->[com.google.firebase:firebase-auth:23.2.0] AndroidManifest.xml:30:13-80
123            android:excludeFromRecents="true"
123-->[com.google.firebase:firebase-auth:23.2.0] AndroidManifest.xml:31:13-46
124            android:exported="true"
124-->[com.google.firebase:firebase-auth:23.2.0] AndroidManifest.xml:32:13-36
125            android:launchMode="singleTask"
125-->[com.google.firebase:firebase-auth:23.2.0] AndroidManifest.xml:33:13-44
126            android:theme="@android:style/Theme.Translucent.NoTitleBar" >
126-->[com.google.firebase:firebase-auth:23.2.0] AndroidManifest.xml:34:13-72
127            <intent-filter>
127-->[com.google.firebase:firebase-auth:23.2.0] AndroidManifest.xml:35:13-45:29
128                <action android:name="android.intent.action.VIEW" />
128-->[com.google.firebase:firebase-auth:23.2.0] AndroidManifest.xml:36:17-69
128-->[com.google.firebase:firebase-auth:23.2.0] AndroidManifest.xml:36:25-66
129
130                <category android:name="android.intent.category.DEFAULT" />
130-->[com.google.firebase:firebase-auth:23.2.0] AndroidManifest.xml:38:17-76
130-->[com.google.firebase:firebase-auth:23.2.0] AndroidManifest.xml:38:27-73
131                <category android:name="android.intent.category.BROWSABLE" />
131-->[com.google.firebase:firebase-auth:23.2.0] AndroidManifest.xml:39:17-78
131-->[com.google.firebase:firebase-auth:23.2.0] AndroidManifest.xml:39:27-75
132
133                <data
133-->[com.google.firebase:firebase-auth:23.2.0] AndroidManifest.xml:41:17-44:51
134                    android:host="firebase.auth"
134-->[com.google.firebase:firebase-auth:23.2.0] AndroidManifest.xml:42:21-49
135                    android:path="/"
135-->[com.google.firebase:firebase-auth:23.2.0] AndroidManifest.xml:43:21-37
136                    android:scheme="genericidp" />
136-->[com.google.firebase:firebase-auth:23.2.0] AndroidManifest.xml:44:21-48
137            </intent-filter>
138        </activity>
139        <activity
139-->[com.google.firebase:firebase-auth:23.2.0] AndroidManifest.xml:47:9-64:20
140            android:name="com.google.firebase.auth.internal.RecaptchaActivity"
140-->[com.google.firebase:firebase-auth:23.2.0] AndroidManifest.xml:48:13-79
141            android:excludeFromRecents="true"
141-->[com.google.firebase:firebase-auth:23.2.0] AndroidManifest.xml:49:13-46
142            android:exported="true"
142-->[com.google.firebase:firebase-auth:23.2.0] AndroidManifest.xml:50:13-36
143            android:launchMode="singleTask"
143-->[com.google.firebase:firebase-auth:23.2.0] AndroidManifest.xml:51:13-44
144            android:theme="@android:style/Theme.Translucent.NoTitleBar" >
144-->[com.google.firebase:firebase-auth:23.2.0] AndroidManifest.xml:52:13-72
145            <intent-filter>
145-->[com.google.firebase:firebase-auth:23.2.0] AndroidManifest.xml:53:13-63:29
146                <action android:name="android.intent.action.VIEW" />
146-->[com.google.firebase:firebase-auth:23.2.0] AndroidManifest.xml:36:17-69
146-->[com.google.firebase:firebase-auth:23.2.0] AndroidManifest.xml:36:25-66
147
148                <category android:name="android.intent.category.DEFAULT" />
148-->[com.google.firebase:firebase-auth:23.2.0] AndroidManifest.xml:38:17-76
148-->[com.google.firebase:firebase-auth:23.2.0] AndroidManifest.xml:38:27-73
149                <category android:name="android.intent.category.BROWSABLE" />
149-->[com.google.firebase:firebase-auth:23.2.0] AndroidManifest.xml:39:17-78
149-->[com.google.firebase:firebase-auth:23.2.0] AndroidManifest.xml:39:27-75
150
151                <data
151-->[com.google.firebase:firebase-auth:23.2.0] AndroidManifest.xml:41:17-44:51
152                    android:host="firebase.auth"
152-->[com.google.firebase:firebase-auth:23.2.0] AndroidManifest.xml:42:21-49
153                    android:path="/"
153-->[com.google.firebase:firebase-auth:23.2.0] AndroidManifest.xml:43:21-37
154                    android:scheme="recaptcha" />
154-->[com.google.firebase:firebase-auth:23.2.0] AndroidManifest.xml:44:21-48
155            </intent-filter>
156        </activity>
157
158        <service
158-->[com.google.firebase:firebase-auth:23.2.0] AndroidManifest.xml:66:9-72:19
159            android:name="com.google.firebase.components.ComponentDiscoveryService"
159-->[com.google.firebase:firebase-auth:23.2.0] AndroidManifest.xml:67:13-84
160            android:directBootAware="true"
160-->[com.google.firebase:firebase-common:21.0.0] AndroidManifest.xml:32:13-43
161            android:exported="false" >
161-->[com.google.firebase:firebase-auth:23.2.0] AndroidManifest.xml:68:13-37
162            <meta-data
162-->[com.google.firebase:firebase-auth:23.2.0] AndroidManifest.xml:69:13-71:85
163                android:name="com.google.firebase.components:com.google.firebase.auth.FirebaseAuthRegistrar"
163-->[com.google.firebase:firebase-auth:23.2.0] AndroidManifest.xml:70:17-109
164                android:value="com.google.firebase.components.ComponentRegistrar" />
164-->[com.google.firebase:firebase-auth:23.2.0] AndroidManifest.xml:71:17-82
165            <meta-data
165-->[com.google.firebase:firebase-database:21.0.0] AndroidManifest.xml:29:13-31:85
166                android:name="com.google.firebase.components:com.google.firebase.database.FirebaseDatabaseKtxRegistrar"
166-->[com.google.firebase:firebase-database:21.0.0] AndroidManifest.xml:30:17-120
167                android:value="com.google.firebase.components.ComponentRegistrar" />
167-->[com.google.firebase:firebase-database:21.0.0] AndroidManifest.xml:31:17-82
168            <meta-data
168-->[com.google.firebase:firebase-database:21.0.0] AndroidManifest.xml:32:13-34:85
169                android:name="com.google.firebase.components:com.google.firebase.database.DatabaseRegistrar"
169-->[com.google.firebase:firebase-database:21.0.0] AndroidManifest.xml:33:17-109
170                android:value="com.google.firebase.components.ComponentRegistrar" />
170-->[com.google.firebase:firebase-database:21.0.0] AndroidManifest.xml:34:17-82
171            <meta-data
171-->[com.google.firebase:firebase-firestore:25.1.3] AndroidManifest.xml:17:13-19:85
172                android:name="com.google.firebase.components:com.google.firebase.firestore.FirebaseFirestoreKtxRegistrar"
172-->[com.google.firebase:firebase-firestore:25.1.3] AndroidManifest.xml:18:17-122
173                android:value="com.google.firebase.components.ComponentRegistrar" />
173-->[com.google.firebase:firebase-firestore:25.1.3] AndroidManifest.xml:19:17-82
174            <meta-data
174-->[com.google.firebase:firebase-firestore:25.1.3] AndroidManifest.xml:20:13-22:85
175                android:name="com.google.firebase.components:com.google.firebase.firestore.FirestoreRegistrar"
175-->[com.google.firebase:firebase-firestore:25.1.3] AndroidManifest.xml:21:17-111
176                android:value="com.google.firebase.components.ComponentRegistrar" />
176-->[com.google.firebase:firebase-firestore:25.1.3] AndroidManifest.xml:22:17-82
177            <meta-data
177-->[com.google.firebase:firebase-storage:21.0.1] AndroidManifest.xml:30:13-32:85
178                android:name="com.google.firebase.components:com.google.firebase.storage.FirebaseStorageKtxRegistrar"
178-->[com.google.firebase:firebase-storage:21.0.1] AndroidManifest.xml:31:17-118
179                android:value="com.google.firebase.components.ComponentRegistrar" />
179-->[com.google.firebase:firebase-storage:21.0.1] AndroidManifest.xml:32:17-82
180            <meta-data
180-->[com.google.firebase:firebase-storage:21.0.1] AndroidManifest.xml:33:13-35:85
181                android:name="com.google.firebase.components:com.google.firebase.storage.StorageRegistrar"
181-->[com.google.firebase:firebase-storage:21.0.1] AndroidManifest.xml:34:17-107
182                android:value="com.google.firebase.components.ComponentRegistrar" />
182-->[com.google.firebase:firebase-storage:21.0.1] AndroidManifest.xml:35:17-82
183            <meta-data
183-->[com.google.firebase:firebase-appcheck:18.0.0] AndroidManifest.xml:25:13-27:85
184                android:name="com.google.firebase.components:com.google.firebase.appcheck.FirebaseAppCheckKtxRegistrar"
184-->[com.google.firebase:firebase-appcheck:18.0.0] AndroidManifest.xml:26:17-120
185                android:value="com.google.firebase.components.ComponentRegistrar" />
185-->[com.google.firebase:firebase-appcheck:18.0.0] AndroidManifest.xml:27:17-82
186            <meta-data
186-->[com.google.firebase:firebase-appcheck:18.0.0] AndroidManifest.xml:28:13-30:85
187                android:name="com.google.firebase.components:com.google.firebase.appcheck.FirebaseAppCheckRegistrar"
187-->[com.google.firebase:firebase-appcheck:18.0.0] AndroidManifest.xml:29:17-117
188                android:value="com.google.firebase.components.ComponentRegistrar" />
188-->[com.google.firebase:firebase-appcheck:18.0.0] AndroidManifest.xml:30:17-82
189            <meta-data
189-->[com.google.firebase:firebase-common-ktx:21.0.0] AndroidManifest.xml:12:13-14:85
190                android:name="com.google.firebase.components:com.google.firebase.ktx.FirebaseCommonLegacyRegistrar"
190-->[com.google.firebase:firebase-common-ktx:21.0.0] AndroidManifest.xml:13:17-116
191                android:value="com.google.firebase.components.ComponentRegistrar" />
191-->[com.google.firebase:firebase-common-ktx:21.0.0] AndroidManifest.xml:14:17-82
192            <meta-data
192-->[com.google.firebase:firebase-common:21.0.0] AndroidManifest.xml:35:13-37:85
193                android:name="com.google.firebase.components:com.google.firebase.FirebaseCommonKtxRegistrar"
193-->[com.google.firebase:firebase-common:21.0.0] AndroidManifest.xml:36:17-109
194                android:value="com.google.firebase.components.ComponentRegistrar" />
194-->[com.google.firebase:firebase-common:21.0.0] AndroidManifest.xml:37:17-82
195        </service>
196        <service
196-->[androidx.credentials:credentials-play-services-auth:1.5.0] AndroidManifest.xml:24:9-32:19
197            android:name="androidx.credentials.playservices.CredentialProviderMetadataHolder"
197-->[androidx.credentials:credentials-play-services-auth:1.5.0] AndroidManifest.xml:25:13-94
198            android:enabled="true"
198-->[androidx.credentials:credentials-play-services-auth:1.5.0] AndroidManifest.xml:26:13-35
199            android:exported="false" >
199-->[androidx.credentials:credentials-play-services-auth:1.5.0] AndroidManifest.xml:27:13-37
200            <meta-data
200-->[androidx.credentials:credentials-play-services-auth:1.5.0] AndroidManifest.xml:29:13-31:104
201                android:name="androidx.credentials.CREDENTIAL_PROVIDER_KEY"
201-->[androidx.credentials:credentials-play-services-auth:1.5.0] AndroidManifest.xml:30:17-76
202                android:value="androidx.credentials.playservices.CredentialProviderPlayServicesImpl" />
202-->[androidx.credentials:credentials-play-services-auth:1.5.0] AndroidManifest.xml:31:17-101
203        </service>
204
205        <activity
205-->[androidx.credentials:credentials-play-services-auth:1.5.0] AndroidManifest.xml:34:9-41:20
206            android:name="androidx.credentials.playservices.HiddenActivity"
206-->[androidx.credentials:credentials-play-services-auth:1.5.0] AndroidManifest.xml:35:13-76
207            android:configChanges="orientation|screenSize|screenLayout|keyboardHidden"
207-->[androidx.credentials:credentials-play-services-auth:1.5.0] AndroidManifest.xml:36:13-87
208            android:enabled="true"
208-->[androidx.credentials:credentials-play-services-auth:1.5.0] AndroidManifest.xml:37:13-35
209            android:exported="false"
209-->[androidx.credentials:credentials-play-services-auth:1.5.0] AndroidManifest.xml:38:13-37
210            android:fitsSystemWindows="true"
210-->[androidx.credentials:credentials-play-services-auth:1.5.0] AndroidManifest.xml:39:13-45
211            android:theme="@style/Theme.Hidden" >
211-->[androidx.credentials:credentials-play-services-auth:1.5.0] AndroidManifest.xml:40:13-48
212        </activity>
213        <activity
213-->[androidx.credentials:credentials-play-services-auth:1.5.0] AndroidManifest.xml:42:9-49:20
214            android:name="androidx.credentials.playservices.IdentityCredentialApiHiddenActivity"
214-->[androidx.credentials:credentials-play-services-auth:1.5.0] AndroidManifest.xml:43:13-97
215            android:configChanges="orientation|screenSize|screenLayout|keyboardHidden"
215-->[androidx.credentials:credentials-play-services-auth:1.5.0] AndroidManifest.xml:44:13-87
216            android:enabled="true"
216-->[androidx.credentials:credentials-play-services-auth:1.5.0] AndroidManifest.xml:45:13-35
217            android:exported="false"
217-->[androidx.credentials:credentials-play-services-auth:1.5.0] AndroidManifest.xml:46:13-37
218            android:fitsSystemWindows="true"
218-->[androidx.credentials:credentials-play-services-auth:1.5.0] AndroidManifest.xml:47:13-45
219            android:theme="@style/Theme.Hidden" >
219-->[androidx.credentials:credentials-play-services-auth:1.5.0] AndroidManifest.xml:48:13-48
220        </activity> <!-- Needs to be explicitly declared on P+ -->
221        <uses-library
221-->[com.google.android.gms:play-services-maps:18.2.0] AndroidManifest.xml:39:9-41:40
222            android:name="org.apache.http.legacy"
222-->[com.google.android.gms:play-services-maps:18.2.0] AndroidManifest.xml:40:13-50
223            android:required="false" />
223-->[com.google.android.gms:play-services-maps:18.2.0] AndroidManifest.xml:41:13-37
224
225        <activity
225-->[com.google.android.gms:play-services-auth:21.1.1] AndroidManifest.xml:23:9-27:75
226            android:name="com.google.android.gms.auth.api.signin.internal.SignInHubActivity"
226-->[com.google.android.gms:play-services-auth:21.1.1] AndroidManifest.xml:24:13-93
227            android:excludeFromRecents="true"
227-->[com.google.android.gms:play-services-auth:21.1.1] AndroidManifest.xml:25:13-46
228            android:exported="false"
228-->[com.google.android.gms:play-services-auth:21.1.1] AndroidManifest.xml:26:13-37
229            android:theme="@android:style/Theme.Translucent.NoTitleBar" />
229-->[com.google.android.gms:play-services-auth:21.1.1] AndroidManifest.xml:27:13-72
230        <!--
231            Service handling Google Sign-In user revocation. For apps that do not integrate with
232            Google Sign-In, this service will never be started.
233        -->
234        <service
234-->[com.google.android.gms:play-services-auth:21.1.1] AndroidManifest.xml:33:9-37:51
235            android:name="com.google.android.gms.auth.api.signin.RevocationBoundService"
235-->[com.google.android.gms:play-services-auth:21.1.1] AndroidManifest.xml:34:13-89
236            android:exported="true"
236-->[com.google.android.gms:play-services-auth:21.1.1] AndroidManifest.xml:35:13-36
237            android:permission="com.google.android.gms.auth.api.signin.permission.REVOCATION_NOTIFICATION"
237-->[com.google.android.gms:play-services-auth:21.1.1] AndroidManifest.xml:36:13-107
238            android:visibleToInstantApps="true" />
238-->[com.google.android.gms:play-services-auth:21.1.1] AndroidManifest.xml:37:13-48
239
240        <provider
240-->[com.google.firebase:firebase-common:21.0.0] AndroidManifest.xml:23:9-28:39
241            android:name="com.google.firebase.provider.FirebaseInitProvider"
241-->[com.google.firebase:firebase-common:21.0.0] AndroidManifest.xml:24:13-77
242            android:authorities="com.example.play_buddy_v2.firebaseinitprovider"
242-->[com.google.firebase:firebase-common:21.0.0] AndroidManifest.xml:25:13-72
243            android:directBootAware="true"
243-->[com.google.firebase:firebase-common:21.0.0] AndroidManifest.xml:26:13-43
244            android:exported="false"
244-->[com.google.firebase:firebase-common:21.0.0] AndroidManifest.xml:27:13-37
245            android:initOrder="100" />
245-->[com.google.firebase:firebase-common:21.0.0] AndroidManifest.xml:28:13-36
246
247        <activity
247-->[com.google.android.gms:play-services-base:18.5.0] AndroidManifest.xml:5:9-173
248            android:name="com.google.android.gms.common.api.GoogleApiActivity"
248-->[com.google.android.gms:play-services-base:18.5.0] AndroidManifest.xml:5:19-85
249            android:exported="false"
249-->[com.google.android.gms:play-services-base:18.5.0] AndroidManifest.xml:5:146-170
250            android:theme="@android:style/Theme.Translucent.NoTitleBar" />
250-->[com.google.android.gms:play-services-base:18.5.0] AndroidManifest.xml:5:86-145
251
252        <provider
252-->[androidx.emoji2:emoji2:1.3.0] AndroidManifest.xml:24:9-32:20
253            android:name="androidx.startup.InitializationProvider"
253-->[androidx.emoji2:emoji2:1.3.0] AndroidManifest.xml:25:13-67
254            android:authorities="com.example.play_buddy_v2.androidx-startup"
254-->[androidx.emoji2:emoji2:1.3.0] AndroidManifest.xml:26:13-68
255            android:exported="false" >
255-->[androidx.emoji2:emoji2:1.3.0] AndroidManifest.xml:27:13-37
256            <meta-data
256-->[androidx.emoji2:emoji2:1.3.0] AndroidManifest.xml:29:13-31:52
257                android:name="androidx.emoji2.text.EmojiCompatInitializer"
257-->[androidx.emoji2:emoji2:1.3.0] AndroidManifest.xml:30:17-75
258                android:value="androidx.startup" />
258-->[androidx.emoji2:emoji2:1.3.0] AndroidManifest.xml:31:17-49
259            <meta-data
259-->[androidx.lifecycle:lifecycle-process:2.6.2] AndroidManifest.xml:29:13-31:52
260                android:name="androidx.lifecycle.ProcessLifecycleInitializer"
260-->[androidx.lifecycle:lifecycle-process:2.6.2] AndroidManifest.xml:30:17-78
261                android:value="androidx.startup" />
261-->[androidx.lifecycle:lifecycle-process:2.6.2] AndroidManifest.xml:31:17-49
262            <meta-data
262-->[androidx.profileinstaller:profileinstaller:1.4.0] AndroidManifest.xml:29:13-31:52
263                android:name="androidx.profileinstaller.ProfileInstallerInitializer"
263-->[androidx.profileinstaller:profileinstaller:1.4.0] AndroidManifest.xml:30:17-85
264                android:value="androidx.startup" />
264-->[androidx.profileinstaller:profileinstaller:1.4.0] AndroidManifest.xml:31:17-49
265        </provider>
266
267        <meta-data
267-->[com.google.android.gms:play-services-basement:18.4.0] AndroidManifest.xml:6:9-122
268            android:name="com.google.android.gms.version"
268-->[com.google.android.gms:play-services-basement:18.4.0] AndroidManifest.xml:6:20-65
269            android:value="@integer/google_play_services_version" />
269-->[com.google.android.gms:play-services-basement:18.4.0] AndroidManifest.xml:6:66-119
270
271        <receiver
271-->[androidx.profileinstaller:profileinstaller:1.4.0] AndroidManifest.xml:34:9-52:20
272            android:name="androidx.profileinstaller.ProfileInstallReceiver"
272-->[androidx.profileinstaller:profileinstaller:1.4.0] AndroidManifest.xml:35:13-76
273            android:directBootAware="false"
273-->[androidx.profileinstaller:profileinstaller:1.4.0] AndroidManifest.xml:36:13-44
274            android:enabled="true"
274-->[androidx.profileinstaller:profileinstaller:1.4.0] AndroidManifest.xml:37:13-35
275            android:exported="true"
275-->[androidx.profileinstaller:profileinstaller:1.4.0] AndroidManifest.xml:38:13-36
276            android:permission="android.permission.DUMP" >
276-->[androidx.profileinstaller:profileinstaller:1.4.0] AndroidManifest.xml:39:13-57
277            <intent-filter>
277-->[androidx.profileinstaller:profileinstaller:1.4.0] AndroidManifest.xml:40:13-42:29
278                <action android:name="androidx.profileinstaller.action.INSTALL_PROFILE" />
278-->[androidx.profileinstaller:profileinstaller:1.4.0] AndroidManifest.xml:41:17-91
278-->[androidx.profileinstaller:profileinstaller:1.4.0] AndroidManifest.xml:41:25-88
279            </intent-filter>
280            <intent-filter>